<?xml version="1.0" encoding="UTF-8"?>
<!-- Generated by org.testng.reporters.JUnitReportReporter -->
<testsuite hostname="SVINLP00304" name="com.stories.Stories" tests="1" failures="0" timestamp="9 Jul 2020 15:55:15 GMT" time="257.732" errors="0">
  <testcase name="run" time="257.732" classname="com.stories.Stories"/>
</testsuite> <!-- com.stories.Stories -->
